<?xml version="1.0" encoding="UTF-8"?>
<!-- Generated by org.testng.reporters.JUnitReportReporter -->
<testsuite hostname="DESKTOP-QP6PFOL" failures="0" tests="1" name="Prameters.RequestChaining" time="3.977" errors="0" timestamp="2022-02-11T12:54:44 IST" skipped="0">
  <testcase classname="Prameters.RequestChaining" name="chaining" time="3.977"/>
  <system-out/>
</testsuite> <!-- Prameters.RequestChaining -->
