<?xml version="1.0" encoding="UTF-8"?>
<!-- Generated by org.testng.reporters.JUnitReportReporter -->
<testsuite hostname="DESKTOP-QP6PFOL" failures="0" tests="1" name="ParameterandAuthientication.BasicAuthTest" time="2.858" errors="0" timestamp="2022-02-11T17:10:32 IST" skipped="0">
  <testcase classname="ParameterandAuthientication.BasicAuthTest" name="basicAuth" time="2.858"/>
  <system-out/>
</testsuite> <!-- ParameterandAuthientication.BasicAuthTest -->
