<?xml version="1.0" encoding="UTF-8"?>
<!-- Generated by org.testng.reporters.JUnitReportReporter -->
<testsuite hostname="DESKTOP-QP6PFOL" failures="0" tests="1" name="PracticeCRUDwithoutBDD.CreateProject" time="3.368" errors="0" timestamp="2022-02-09T22:23:49 IST" skipped="0">
  <testcase classname="PracticeCRUDwithoutBDD.CreateProject" name="createProject" time="3.368"/>
  <system-out/>
</testsuite> <!-- PracticeCRUDwithoutBDD.CreateProject -->
