<?xml version="1.0" encoding="UTF-8"?>
<!-- Generated by org.testng.reporters.JUnitReportReporter -->
<testsuite hostname="DESKTOP-QP6PFOL" failures="0" tests="1" name="Practicepgm.EndToEnd3" time="3.266" errors="0" timestamp="2022-02-11T18:11:27 IST" skipped="0">
  <testcase classname="Practicepgm.EndToEnd3" name="createAndDeleteUSer" time="3.266"/>
  <system-out/>
</testsuite> <!-- Practicepgm.EndToEnd3 -->
