<?xml version="1.0" encoding="UTF-8"?>
<!-- Generated by org.testng.reporters.JUnitReportReporter -->
<testsuite hostname="DESKTOP-QP6PFOL" failures="0" tests="1" name="Practicepgm.EndtoEnd1" time="7.149" errors="0" timestamp="2022-02-11T22:03:26 IST" skipped="0">
  <testcase classname="Practicepgm.EndtoEnd1" name="create" time="7.149"/>
  <system-out/>
</testsuite> <!-- Practicepgm.EndtoEnd1 -->
