<?xml version="1.0" encoding="UTF-8"?>
<!-- Generated by org.testng.reporters.JUnitReportReporter -->
<testsuite hostname="DESKTOP-QP6PFOL" failures="0" tests="1" name="DiffertWaystoPostRequest.CreateAResourseusingPojotest" time="2.014" errors="0" timestamp="2022-02-10T14:51:00 IST" skipped="0">
  <testcase classname="DiffertWaystoPostRequest.CreateAResourseusingPojotest" name="createpojo" time="2.014"/>
  <system-out/>
</testsuite> <!-- DiffertWaystoPostRequest.CreateAResourseusingPojotest -->
