<?xml version="1.0" encoding="UTF-8"?>
<!-- Generated by org.testng.reporters.JUnitReportReporter -->
<testsuite hostname="DESKTOP-QP6PFOL" failures="0" tests="1" name="Practicepgm.EndtoEnd" time="7.750" errors="0" timestamp="2022-02-11T22:06:28 IST" skipped="0">
  <testcase classname="Practicepgm.EndtoEnd" name="create" time="7.750"/>
  <system-out/>
</testsuite> <!-- Practicepgm.EndtoEnd -->
