<?xml version="1.0" encoding="UTF-8"?>
<!-- Generated by org.testng.reporters.JUnitReportReporter -->
<testsuite hostname="DESKTOP-QP6PFOL" failures="0" tests="1" name="PracticeCRUDwithBDD.CreateResourse" time="4.480" errors="0" timestamp="2022-02-10T12:19:20 IST" skipped="0">
  <testcase classname="PracticeCRUDwithBDD.CreateResourse" name="createresourse" time="4.480"/>
  <system-out/>
</testsuite> <!-- PracticeCRUDwithBDD.CreateResourse -->
