<?xml version="1.0" encoding="UTF-8"?>
<!-- Generated by org.testng.reporters.JUnitReportReporter -->
<testsuite hostname="DESKTOP-QP6PFOL" failures="0" tests="1" name="Practicepgm.Endpgmresponsetime" time="2.097" errors="0" timestamp="2022-02-10T22:07:02 IST" skipped="0">
  <testcase classname="Practicepgm.Endpgmresponsetime" name="verify" time="2.097"/>
  <system-out/>
</testsuite> <!-- Practicepgm.Endpgmresponsetime -->
