<?xml version="1.0" encoding="UTF-8"?>
<!-- Generated by org.testng.reporters.JUnitReportReporter -->
<testsuite hostname="DESKTOP-QP6PFOL" failures="0" tests="1" name="PracticeCRUDwithoutBDD.GetAllProject" time="2.818" errors="0" timestamp="2022-02-11T12:49:28 IST" skipped="0">
  <testcase classname="PracticeCRUDwithoutBDD.GetAllProject" name="getallproject" time="2.818"/>
  <system-out/>
</testsuite> <!-- PracticeCRUDwithoutBDD.GetAllProject -->
