<?xml version="1.0" encoding="UTF-8"?>
<!-- Generated by org.testng.reporters.JUnitReportReporter -->
<testsuite hostname="DESKTOP-QP6PFOL" failures="0" tests="1" name="DiffertWaystoPostRequest.CreateAresourseusingHashMap" time="2.960" errors="0" timestamp="2022-02-10T13:28:16 IST" skipped="0">
  <testcase classname="DiffertWaystoPostRequest.CreateAresourseusingHashMap" name="creahashmap" time="2.960"/>
  <system-out/>
</testsuite> <!-- DiffertWaystoPostRequest.CreateAresourseusingHashMap -->
