<?xml version="1.0" encoding="UTF-8"?>
<!-- Generated by org.testng.reporters.JUnitReportReporter -->
<testsuite hostname="DESKTOP-QP6PFOL" failures="0" tests="1" name="PracticeCRUDwithBDD.UpDateResourse" time="3.225" errors="0" timestamp="2022-02-10T12:35:19 IST" skipped="0">
  <testcase classname="PracticeCRUDwithBDD.UpDateResourse" name="updateresourse" time="3.225"/>
  <system-out/>
</testsuite> <!-- PracticeCRUDwithBDD.UpDateResourse -->
