<?xml version="1.0" encoding="UTF-8"?>
<!-- Generated by org.testng.reporters.JUnitReportReporter -->
<testsuite hostname="DESKTOP-QP6PFOL" failures="0" tests="2" name="ResponseValidation.CreatemultpleDataTest" time="2.689" errors="0" timestamp="2022-02-10T16:55:52 IST" skipped="0">
  <testcase classname="ResponseValidation.CreatemultpleDataTest" name="create" time="0.111"/>
  <system-out/>
  <testcase classname="ResponseValidation.CreatemultpleDataTest" name="create" time="2.578"/>
  <system-out/>
</testsuite> <!-- ResponseValidation.CreatemultpleDataTest -->
