<?xml version="1.0" encoding="UTF-8"?>
<!-- Generated by org.testng.reporters.JUnitReportReporter -->
<testsuite hostname="DESKTOP-QP6PFOL" failures="0" tests="1" name="ResponseValidation.DynamicResponseValidationTest" time="2.235" errors="0" timestamp="2022-02-10T22:08:26 IST" skipped="0">
  <testcase classname="ResponseValidation.DynamicResponseValidationTest" name="verify" time="2.235"/>
  <system-out/>
</testsuite> <!-- ResponseValidation.DynamicResponseValidationTest -->
