<?xml version="1.0" encoding="UTF-8"?>
<!-- Generated by org.testng.reporters.JUnitReportReporter -->
<testsuite hostname="DESKTOP-QP6PFOL" failures="0" tests="2" name="ParameterandAuthientication.PreemptiveAuthAndDigestiveAuth" time="2.387" errors="0" timestamp="2022-02-11T16:43:56 IST" skipped="0">
  <testcase classname="ParameterandAuthientication.PreemptiveAuthAndDigestiveAuth" name="premptiveAuth" time="0.166"/>
  <system-out/>
  <testcase classname="ParameterandAuthientication.PreemptiveAuthAndDigestiveAuth" name="digestiveAuth" time="2.221"/>
  <system-out/>
</testsuite> <!-- ParameterandAuthientication.PreemptiveAuthAndDigestiveAuth -->
