<?xml version="1.0" encoding="UTF-8"?>
<!-- Generated by org.testng.reporters.JUnitReportReporter -->
<testsuite hostname="DESKTOP-QP6PFOL" failures="0" tests="1" name="PracticeCRUDwithBDD.DeleteResourse" time="3.290" errors="0" timestamp="2022-02-10T12:35:03 IST" skipped="0">
  <testcase classname="PracticeCRUDwithBDD.DeleteResourse" name="deleteresourse" time="3.290"/>
  <system-out/>
</testsuite> <!-- PracticeCRUDwithBDD.DeleteResourse -->
