<?xml version="1.0" encoding="UTF-8"?>
<!-- Generated by org.testng.reporters.JUnitReportReporter -->
<testsuite hostname="DESKTOP-QP6PFOL" failures="0" tests="1" name="ResponseValidation.StaticResponseValidationTest" time="3.950" errors="0" timestamp="2022-02-10T16:12:06 IST" skipped="0">
  <testcase classname="ResponseValidation.StaticResponseValidationTest" name="create" time="3.950"/>
  <system-out/>
</testsuite> <!-- ResponseValidation.StaticResponseValidationTest -->
