<?xml version="1.0" encoding="UTF-8"?>
<!-- Generated by org.testng.reporters.JUnitReportReporter -->
<testsuite hostname="DESKTOP-QP6PFOL" failures="0" tests="1" name="PracticeCRUDwithoutBDD.GetSingleProject" time="3.985" errors="0" timestamp="2022-02-11T12:24:07 IST" skipped="0">
  <testcase classname="PracticeCRUDwithoutBDD.GetSingleProject" name="getsingleproject" time="3.985"/>
  <system-out/>
</testsuite> <!-- PracticeCRUDwithoutBDD.GetSingleProject -->
