<?xml version="1.0" encoding="UTF-8"?>
<!-- Generated by org.testng.reporters.JUnitReportReporter -->
<testsuite hostname="DESKTOP-QP6PFOL" failures="0" tests="1" name="Practicepgm.CreateAddMultipleProject" time="3.360" errors="0" timestamp="2022-02-11T22:40:14 IST" skipped="0">
  <testcase classname="Practicepgm.CreateAddMultipleProject" name="createmultiple" time="3.360"/>
  <system-out/>
</testsuite> <!-- Practicepgm.CreateAddMultipleProject -->
