<?xml version="1.0" encoding="UTF-8"?>
<!-- Generated by org.testng.reporters.JUnitReportReporter -->
<testsuite hostname="DESKTOP-QP6PFOL" failures="0" tests="1" name="DiffertWaystoPostRequest.CreateAResourseusingJsonObject" time="2.398" errors="0" timestamp="2022-02-10T14:50:50 IST" skipped="0">
  <testcase classname="DiffertWaystoPostRequest.CreateAResourseusingJsonObject" name="createjsonobject" time="2.398"/>
  <system-out/>
</testsuite> <!-- DiffertWaystoPostRequest.CreateAResourseusingJsonObject -->
