<?xml version="1.0" encoding="UTF-8"?>
<!-- Generated by org.testng.reporters.JUnitReportReporter -->
<testsuite hostname="DESKTOP-QP6PFOL" failures="0" tests="1" name="Prameters.PostRequestChainingTest" time="7.725" errors="0" timestamp="2022-02-11T14:41:59 IST" skipped="0">
  <testcase classname="Prameters.PostRequestChainingTest" name="chaining" time="7.725"/>
  <system-out/>
</testsuite> <!-- Prameters.PostRequestChainingTest -->
