<?xml version="1.0" encoding="UTF-8"?>
<!-- Generated by org.testng.reporters.JUnitReportReporter -->
<testsuite hostname="DESKTOP-QP6PFOL" failures="0" tests="1" name="Prameters.PathParameterTest" time="2.202" errors="0" timestamp="2022-02-11T12:31:03 IST" skipped="0">
  <testcase classname="Prameters.PathParameterTest" name="pathparametr" time="2.202"/>
  <system-out/>
</testsuite> <!-- Prameters.PathParameterTest -->
