<?xml version="1.0" encoding="UTF-8"?>
<!-- Generated by org.testng.reporters.JUnitReportReporter -->
<testsuite hostname="DESKTOP-QP6PFOL" failures="0" tests="1" name="Prameters.QueryParametrTest" time="12.304" errors="0" timestamp="2022-02-11T12:44:15 IST" skipped="0">
  <testcase classname="Prameters.QueryParametrTest" name="queryparameter" time="12.304"/>
  <system-out/>
</testsuite> <!-- Prameters.QueryParametrTest -->
