<?xml version="1.0" encoding="UTF-8"?>
<!-- Generated by org.testng.reporters.JUnitReportReporter -->
<testsuite hostname="DESKTOP-QP6PFOL" failures="0" tests="1" name="DiffertWaystoPostRequest.CreateAResourseUsingJsonFile" time="2.935" errors="0" timestamp="2022-02-10T15:08:53 IST" skipped="0">
  <testcase classname="DiffertWaystoPostRequest.CreateAResourseUsingJsonFile" name="createjsonfile" time="2.935"/>
  <system-out/>
</testsuite> <!-- DiffertWaystoPostRequest.CreateAResourseUsingJsonFile -->
