<?xml version="1.0" encoding="UTF-8"?>
<!-- Generated by org.testng.reporters.JUnitReportReporter -->
<testsuite hostname="DESKTOP-QP6PFOL" failures="0" tests="1" name="ResponseValidation.VerifyinhResponseTimeUsingHamcrastTest" time="2.303" errors="0" timestamp="2022-02-10T16:31:48 IST" skipped="0">
  <testcase classname="ResponseValidation.VerifyinhResponseTimeUsingHamcrastTest" name="respone" time="2.303"/>
  <system-out/>
</testsuite> <!-- ResponseValidation.VerifyinhResponseTimeUsingHamcrastTest -->
