<?xml version="1.0" encoding="UTF-8"?>
<!-- Generated by org.testng.reporters.JUnitReportReporter -->
<testsuite hostname="DESKTOP-QP6PFOL" failures="0" tests="1" name="ParameterandAuthientication.Outh2" time="4.063" errors="0" timestamp="2022-02-11T17:30:29 IST" skipped="0">
  <testcase classname="ParameterandAuthientication.Outh2" name="auth" time="4.063"/>
  <system-out/>
</testsuite> <!-- ParameterandAuthientication.Outh2 -->
