<?xml version="1.0" encoding="UTF-8"?>
<!-- Generated by org.testng.reporters.JUnitReportReporter -->
<testsuite hostname="DESKTOP-QP6PFOL" failures="0" tests="1" name="PracticeCRUDwithBDD.GetAllResourse" time="2.867" errors="0" timestamp="2022-02-10T16:04:05 IST" skipped="0">
  <testcase classname="PracticeCRUDwithBDD.GetAllResourse" name="getallresourse" time="2.867"/>
  <system-out/>
</testsuite> <!-- PracticeCRUDwithBDD.GetAllResourse -->
